<?xml version="1.0" encoding="UTF-8"?>
<!-- Generated by org.testng.reporters.JUnitXMLReporter -->
<testsuite ignored="0" hostname="LAPTOP-E2PSIL5I" failures="0" tests="4" name="Default test" time="14.076" errors="0" timestamp="2023-09-22T16:12:15 IST">
  <testcase classname="api.usermodel.tests.UserTests" name="createUserTest" time="3.647"/>
  <testcase classname="api.usermodel.tests.UserTests" name="getUser" time="2.24"/>
  <testcase classname="api.usermodel.tests.UserTests" name="updateUser" time="2.993"/>
  <testcase classname="api.usermodel.tests.UserTests" name="deleteUser" time="4.855"/>
</testsuite> <!-- Default test -->
