<?xml version="1.0" encoding="UTF-8"?>
<!-- Generated by org.testng.reporters.JUnitXMLReporter -->
<testsuite ignored="0" hostname="LAPTOP-E2PSIL5I" failures="0" tests="11" name="Regression" time="17.673" errors="0" timestamp="2023-09-22T16:00:15 IST">
  <testcase classname="api.usermodel.tests.CreateUserUsingArray" name="createArrayPayload" time="0.002"/>
  <testcase classname="api.usermodel.tests.CreateUserUsingArray" name="createArrayPayload" time="0.001"/>
  <testcase classname="api.usermodel.tests.CreateUserUsingArray" name="createArrayPayload" time="0.002"/>
  <testcase classname="api.usermodel.tests.CreateUserUsingArray" name="createUsers" time="1.377"/>
  <testcase classname="api.usermodel.tests.CreateUserUsingArray" name="getUsersTest" time="1.42"/>
  <testcase classname="api.usermodel.tests.CreateUserUsingArray" name="getUsersTest" time="1.371"/>
  <testcase classname="api.usermodel.tests.CreateUserUsingArray" name="getUsersTest" time="1.442"/>
  <testcase classname="api.usermodel.tests.CreateUserUsingArray" name="deleteUserTest" time="2.794"/>
  <testcase classname="api.usermodel.tests.CreateUserUsingArray" name="deleteUserTest" time="2.78"/>
  <testcase classname="api.usermodel.tests.CreateUserUsingArray" name="deleteUserTest" time="2.848"/>
  <testcase classname="api.usermodel.tests.GetInvalidUserTest" name="getNonExistentUserTest" time="1.424"/>
</testsuite> <!-- Regression -->
