<?xml version="1.0" encoding="UTF-8"?>
<!-- Generated by org.testng.reporters.JUnitXMLReporter -->
<testsuite ignored="0" hostname="LAPTOP-E2PSIL5I" failures="0" tests="4" name="Smoke- basic crud" time="21.319" errors="0" timestamp="2023-09-22T15:59:57 IST">
  <testcase classname="api.usermodel.tests.UserTests" name="createUserTest" time="7.822"/>
  <testcase classname="api.usermodel.tests.UserTests" name="getUser" time="3.51"/>
  <testcase classname="api.usermodel.tests.UserTests" name="updateUser" time="3.615"/>
  <testcase classname="api.usermodel.tests.UserTests" name="deleteUser" time="5.115"/>
</testsuite> <!-- Smoke- basic crud -->
