<?xml version="1.0" encoding="UTF-8"?>
<!-- Generated by org.testng.reporters.JUnitXMLReporter -->
<testsuite ignored="0" hostname="LAPTOP-E2PSIL5I" failures="0" tests="11" name="Regression" time="17.499" errors="0" timestamp="2023-09-24T20:39:08 IST">
  <testcase classname="api.usermodel.tests.CreateUserUsingArray" name="createArrayPayload" time="0.0"/>
  <testcase classname="api.usermodel.tests.CreateUserUsingArray" name="createArrayPayload" time="0.001"/>
  <testcase classname="api.usermodel.tests.CreateUserUsingArray" name="createArrayPayload" time="0.001"/>
  <testcase classname="api.usermodel.tests.CreateUserUsingArray" name="createUsers" time="1.406"/>
  <testcase classname="api.usermodel.tests.CreateUserUsingArray" name="getUsersTest" time="1.412"/>
  <testcase classname="api.usermodel.tests.CreateUserUsingArray" name="getUsersTest" time="1.515"/>
  <testcase classname="api.usermodel.tests.CreateUserUsingArray" name="getUsersTest" time="1.46"/>
  <testcase classname="api.usermodel.tests.CreateUserUsingArray" name="deleteUserTest" time="2.926"/>
  <testcase classname="api.usermodel.tests.CreateUserUsingArray" name="deleteUserTest" time="2.845"/>
  <testcase classname="api.usermodel.tests.CreateUserUsingArray" name="deleteUserTest" time="2.851"/>
  <testcase classname="api.usermodel.tests.GetInvalidUserTest" name="getNonExistentUserTest" time="1.513"/>
</testsuite> <!-- Regression -->
