<?xml version="1.0" encoding="UTF-8"?>
<!-- Generated by org.testng.reporters.JUnitXMLReporter -->
<testsuite ignored="0" hostname="LAPTOP-E2PSIL5I" failures="0" tests="4" name="Smoke- basic crud" time="17.552" errors="0" timestamp="2023-09-24T20:38:50 IST">
  <testcase classname="api.usermodel.tests.UserTests" name="createUserTest" time="5.966"/>
  <testcase classname="api.usermodel.tests.UserTests" name="getUser" time="2.877"/>
  <testcase classname="api.usermodel.tests.UserTests" name="updateUser" time="3.029"/>
  <testcase classname="api.usermodel.tests.UserTests" name="deleteUser" time="4.891"/>
</testsuite> <!-- Smoke- basic crud -->
