<?xml version="1.0" encoding="UTF-8"?>
<testsuite xmlns:xsi="http://www.w3.org/2001/XMLSchema-instance" xsi:noNamespaceSchemaLocation="https://maven.apache.org/surefire/maven-surefire-plugin/xsd/surefire-test-report-3.0.xsd" version="3.0" name="TestSuite" time="39.946" tests="15" errors="0" skipped="0" failures="0">
  <properties>
[...]
</properties>
  <testcase name="createUserTest" classname="api.usermodel.tests.UserTests" time="5.953">
    <system-out><![CDATA[20:38:33.689 INFO  - Created POJO object using unique info with faker
 ******************  Testing create User *************
[Assertion Passed]: Created user with name: jamie.hermann
20:38:39.675 INFO  - Create user test pass
]]></system-out>
    <system-err><![CDATA[SLF4J: Failed to load class "org.slf4j.impl.StaticLoggerBinder".
SLF4J: Defaulting to no-operation (NOP) logger implementation
SLF4J: See http://www.slf4j.org/codes.html#StaticLoggerBinder for further details.
]]></system-err>
  </testcase>
  <testcase name="getUser" classname="api.usermodel.tests.UserTests" time="2.927">
    <system-out><![CDATA[ ******************  Testing get User *************
{
    "id": 187613,
    "username": "jamie.hermann",
    "firstName": "Jewel",
    "lastName": "Corkery",
    "email": "lasandra.brown@hotmail.com",
    "password": "zltxiq2nb",
    "phone": "658-355-5199",
    "userStatus": 1
}
[Assertion Passed]: Get user with name: jamie.hermann
]]></system-out>
  </testcase>
  <testcase name="updateUser" classname="api.usermodel.tests.UserTests" time="2.976">
    <system-out><![CDATA[ ******************  Testing update User *************
{
    "id": 187613,
    "username": "jamie.hermann",
    "firstName": "Jewel",
    "lastName": "Corkery",
    "email": "vinita.gorczany@hotmail.com",
    "password": "zltxiq2nb",
    "phone": "1-727-267-8984",
    "userStatus": 1
}
[Assertion Passed]: Updated user with name: jamie.hermann
]]></system-out>
  </testcase>
  <testcase name="deleteUser" classname="api.usermodel.tests.UserTests" time="4.894">
    <system-out><![CDATA[ ******************  Testing delete User *************
[Assertion Passed]: Deleted user with name: jamie.hermann
]]></system-out>
  </testcase>
  <testcase name="createArrayPayload[1009, user.name1, test, user, test.user992@gmai.com, 829ijdhsj, 7482929487, 0](1)" classname="api.usermodel.tests.CreateUserUsingArray" time="0.0"/>
  <testcase name="createArrayPayload[1010, user.name09, nitin, kadian, nitin_kadian929@gmail.com, ydj3389, 38847388383, 0](2)" classname="api.usermodel.tests.CreateUserUsingArray" time="0.001"/>
  <testcase name="createArrayPayload[1090, user_name89892, saurabh, luthra, sauraby72883@gmai.com, hjskks@ff, 73682903, 1](3)" classname="api.usermodel.tests.CreateUserUsingArray" time="0.0"/>
  <testcase name="createUsers" classname="api.usermodel.tests.CreateUserUsingArray" time="1.408">
    <system-out><![CDATA[ ******************  Testing create users using array *************
[Assertion Passed]: Created users using array
]]></system-out>
  </testcase>
  <testcase name="getUsersTest[user.name1](1)" classname="api.usermodel.tests.CreateUserUsingArray" time="1.416">
    <system-out><![CDATA[ ******************  Testing get user (created using array) *************
{
    "id": 1009,
    "username": "user.name1",
    "firstName": "test",
    "lastName": "user",
    "email": "test.user992@gmai.com",
    "password": "829ijdhsj",
    "phone": "7482929487",
    "userStatus": 0
}
[Assertion Passed]: Got user using array with name : user.name1
]]></system-out>
  </testcase>
  <testcase name="getUsersTest[user.name09](2)" classname="api.usermodel.tests.CreateUserUsingArray" time="1.52">
    <system-out><![CDATA[ ******************  Testing get user (created using array) *************
{
    "id": 1010,
    "username": "user.name09",
    "firstName": "nitin",
    "lastName": "kadian",
    "email": "nitin_kadian929@gmail.com",
    "password": "ydj3389",
    "phone": "38847388383",
    "userStatus": 0
}
[Assertion Passed]: Got user using array with name : user.name09
]]></system-out>
  </testcase>
  <testcase name="getUsersTest[user_name89892](3)" classname="api.usermodel.tests.CreateUserUsingArray" time="1.463">
    <system-out><![CDATA[ ******************  Testing get user (created using array) *************
{
    "id": 1090,
    "username": "user_name89892",
    "firstName": "saurabh",
    "lastName": "luthra",
    "email": "sauraby72883@gmai.com",
    "password": "hjskks@ff",
    "phone": "73682903",
    "userStatus": 1
}
[Assertion Passed]: Got user using array with name : user_name89892
]]></system-out>
  </testcase>
  <testcase name="deleteUserTest[user.name1](1)" classname="api.usermodel.tests.CreateUserUsingArray" time="2.939">
    <system-out><![CDATA[ ******************  Testing delete user (created using array) *************
[Assertion Passed]: Deleted user using array with name : user.name1
]]></system-out>
  </testcase>
  <testcase name="deleteUserTest[user.name09](2)" classname="api.usermodel.tests.CreateUserUsingArray" time="2.841">
    <system-out><![CDATA[ ******************  Testing delete user (created using array) *************
[Assertion Passed]: Deleted user using array with name : user.name09
]]></system-out>
  </testcase>
  <testcase name="deleteUserTest[user_name89892](3)" classname="api.usermodel.tests.CreateUserUsingArray" time="2.863">
    <system-out><![CDATA[ ******************  Testing delete user (created using array) *************
[Assertion Passed]: Deleted user using array with name : user_name89892
]]></system-out>
  </testcase>
  <testcase name="getNonExistentUserTest" classname="api.usermodel.tests.GetInvalidUserTest" time="1.494"/>
</testsuite>