<?xml version="1.0" encoding="UTF-8"?>
<testng-results ignored="0" total="4" passed="4" failed="0" skipped="0">
  <reporter-output>
    <line>
      <![CDATA[ ******************  Testing create User *************]]>
    </line>
    <line>
      <![CDATA[[Assertion Passed]: Created user with name: elroy.shields]]>
    </line>
    <line>
      <![CDATA[ ******************  Testing get User *************]]>
    </line>
    <line>
      <![CDATA[[Assertion Passed]: Get user with name: elroy.shields]]>
    </line>
    <line>
      <![CDATA[ ******************  Testing update User *************]]>
    </line>
    <line>
      <![CDATA[[Assertion Passed]: Updated user with name: elroy.shields]]>
    </line>
    <line>
      <![CDATA[ ******************  Testing delete User *************]]>
    </line>
    <line>
      <![CDATA[[Assertion Passed]: Deleted user with name: elroy.shields]]>
    </line>
  </reporter-output>
  <suite started-at="2023-09-22T16:12:01 IST" name="Default suite" finished-at="2023-09-22T16:12:15 IST" duration-ms="14076">
    <groups>
    </groups>
    <test started-at="2023-09-22T16:12:01 IST" name="Default test" finished-at="2023-09-22T16:12:15 IST" duration-ms="14076">
      <class name="api.usermodel.tests.UserTests">
        <test-method is-config="true" signature="setUp()[pri:0, instance:api.usermodel.tests.UserTests@5dcd8c7a]" started-at="2023-09-22T16:12:01 IST" name="setUp" finished-at="2023-09-22T16:12:01 IST" duration-ms="271" status="PASS">
          <reporter-output>
          </reporter-output>
        </test-method> <!-- setUp -->
        <test-method signature="createUserTest()[pri:1, instance:api.usermodel.tests.UserTests@5dcd8c7a]" started-at="2023-09-22T16:12:01 IST" name="createUserTest" finished-at="2023-09-22T16:12:05 IST" duration-ms="3647" status="PASS">
          <reporter-output>
            <line>
              <![CDATA[ ******************  Testing create User *************]]>
            </line>
            <line>
              <![CDATA[[Assertion Passed]: Created user with name: elroy.shields]]>
            </line>
          </reporter-output>
        </test-method> <!-- createUserTest -->
        <test-method signature="getUser()[pri:2, instance:api.usermodel.tests.UserTests@5dcd8c7a]" started-at="2023-09-22T16:12:05 IST" name="getUser" finished-at="2023-09-22T16:12:07 IST" duration-ms="2240" status="PASS">
          <reporter-output>
            <line>
              <![CDATA[ ******************  Testing get User *************]]>
            </line>
            <line>
              <![CDATA[[Assertion Passed]: Get user with name: elroy.shields]]>
            </line>
          </reporter-output>
        </test-method> <!-- getUser -->
        <test-method signature="updateUser()[pri:3, instance:api.usermodel.tests.UserTests@5dcd8c7a]" started-at="2023-09-22T16:12:07 IST" name="updateUser" finished-at="2023-09-22T16:12:10 IST" duration-ms="2993" status="PASS">
          <reporter-output>
            <line>
              <![CDATA[ ******************  Testing update User *************]]>
            </line>
            <line>
              <![CDATA[[Assertion Passed]: Updated user with name: elroy.shields]]>
            </line>
          </reporter-output>
        </test-method> <!-- updateUser -->
        <test-method signature="deleteUser()[pri:4, instance:api.usermodel.tests.UserTests@5dcd8c7a]" started-at="2023-09-22T16:12:10 IST" name="deleteUser" finished-at="2023-09-22T16:12:15 IST" duration-ms="4855" status="PASS">
          <reporter-output>
            <line>
              <![CDATA[ ******************  Testing delete User *************]]>
            </line>
            <line>
              <![CDATA[[Assertion Passed]: Deleted user with name: elroy.shields]]>
            </line>
          </reporter-output>
        </test-method> <!-- deleteUser -->
      </class> <!-- api.usermodel.tests.UserTests -->
    </test> <!-- Default test -->
  </suite> <!-- Default suite -->
</testng-results>
